<?xml version="1.0" encoding="UTF-8"?>
<!-- Generated by org.testng.reporters.JUnitReportReporter -->
<testsuite hostname="DESKTOP-J61BDUF" failures="0" tests="1" name="com.nexsoft.posttest.frontpage.PTFrontPageTest" time="2.835" errors="0" timestamp="2022-06-14T19:30:37 WIB" skipped="0">
  <testcase classname="com.nexsoft.posttest.frontpage.PTFrontPageTest" name="login" time="2.835"/>
  <system-out/>
</testsuite> <!-- com.nexsoft.posttest.frontpage.PTFrontPageTest -->
